Info: Starting: Create block symbol file (.bsf)
Info: qsys-generate D:\Documents\Github\weatherStation\FPGA\unnamed.qsys --block-symbol-file --output-directory=D:\Documents\Github\weatherStation\FPGA\floatingpoint --family="Cyclone IV E" --part=EP4CE6E22C8
Progress: Loading FPGA/unnamed.qsys
Progress: Reading input file
Progress: Adding nios_custom_instr_floating_point_2_combi_0 [altera_nios_custom_instr_floating_point_2_combi 18.1]
Progress: Parameterizing module nios_custom_instr_floating_point_2_combi_0
Progress: Building connections
Progress: Parameterizing connections
Progress: Validating
Progress: Done reading input file
Info: qsys-generate succeeded.
Info: Finished: Create block symbol file (.bsf)
Info: 
Info: Starting: Create HDL design files for synthesis
Info: qsys-generate D:\Documents\Github\weatherStation\FPGA\unnamed.qsys --synthesis=VERILOG --output-directory=D:\Documents\Github\weatherStation\FPGA\floatingpoint\synthesis --family="Cyclone IV E" --part=EP4CE6E22C8
Progress: Loading FPGA/unnamed.qsys
Progress: Reading input file
Progress: Adding nios_custom_instr_floating_point_2_combi_0 [altera_nios_custom_instr_floating_point_2_combi 18.1]
Progress: Parameterizing module nios_custom_instr_floating_point_2_combi_0
Progress: Building connections
Progress: Parameterizing connections
Progress: Validating
Progress: Done reading input file
Info: unnamed: Generating unnamed "unnamed" for QUARTUS_SYNTH
Info: nios_custom_instr_floating_point_2_combi_0: "unnamed" instantiated altera_nios_custom_instr_floating_point_2_combi "nios_custom_instr_floating_point_2_combi_0"
Info: unnamed: Done "unnamed" with 2 modules, 6 files
Info: qsys-generate succeeded.
Info: Finished: Create HDL design files for synthesis
