Flow report for weatherstation
Mon Oct 19 12:15:46 2020
Quartus Prime Version 18.1.0 Build 625 09/12/2018 SJ Lite Edition


---------------------
; Table of Contents ;
---------------------
  1. Legal Notice
  2. Flow Summary
  3. Flow Settings
  4. Flow Non-Default Global Settings
  5. Flow Elapsed Time
  6. Flow OS Summary
  7. Flow Log
  8. Flow Messages
  9. Flow Suppressed Messages



----------------
; Legal Notice ;
----------------
Copyright (C) 2018  Intel Corporation. All rights reserved.
Your use of Intel Corporation's design tools, logic functions 
and other software and tools, and its AMPP partner logic 
functions, and any output files from any of the foregoing 
(including device programming or simulation files), and any 
associated documentation or information are expressly subject 
to the terms and conditions of the Intel Program License 
Subscription Agreement, the Intel Quartus Prime License Agreement,
the Intel FPGA IP License Agreement, or other applicable license
agreement, including, without limitation, that your use is for
the sole purpose of programming logic devices manufactured by
Intel and sold by Intel or its authorized distributors.  Please
refer to the applicable agreement for further details.



+----------------------------------------------------------------------------------+
; Flow Summary                                                                     ;
+------------------------------------+---------------------------------------------+
; Flow Status                        ; Successful - Mon Oct 19 12:15:43 2020       ;
; Quartus Prime Version              ; 18.1.0 Build 625 09/12/2018 SJ Lite Edition ;
; Revision Name                      ; weatherstation                              ;
; Top-level Entity Name              ; weatherstation_SM                           ;
; Family                             ; Cyclone IV E                                ;
; Device                             ; EP4CE6E22C8                                 ;
; Timing Models                      ; Final                                       ;
; Total logic elements               ; 195 / 6,272 ( 3 % )                         ;
;     Total combinational functions  ; 195 / 6,272 ( 3 % )                         ;
;     Dedicated logic registers      ; 78 / 6,272 ( 1 % )                          ;
; Total registers                    ; 78                                          ;
; Total pins                         ; 23 / 92 ( 25 % )                            ;
; Total virtual pins                 ; 0                                           ;
; Total memory bits                  ; 0 / 276,480 ( 0 % )                         ;
; Embedded Multiplier 9-bit elements ; 0 / 30 ( 0 % )                              ;
; Total PLLs                         ; 0 / 2 ( 0 % )                               ;
+------------------------------------+---------------------------------------------+


+-----------------------------------------+
; Flow Settings                           ;
+-------------------+---------------------+
; Option            ; Setting             ;
+-------------------+---------------------+
; Start date & time ; 10/19/2020 12:15:27 ;
; Main task         ; Compilation         ;
; Revision Name     ; weatherstation      ;
+-------------------+---------------------+


+--------------------------------------------------------------------------------------------------------------------------------+
; Flow Non-Default Global Settings                                                                                               ;
+-------------------------------------+----------------------------------------+----------------+-------------------+------------+
; Assignment Name                     ; Value                                  ; Default Value  ; Entity Name       ; Section Id ;
+-------------------------------------+----------------------------------------+----------------+-------------------+------------+
; COMPILER_SIGNATURE_ID               ; 198112239238650.160307012721232        ; --             ; --                ; --         ;
; MAX_CORE_JUNCTION_TEMP              ; 85                                     ; --             ; --                ; --         ;
; MIN_CORE_JUNCTION_TEMP              ; 0                                      ; --             ; --                ; --         ;
; MISC_FILE                           ; dispmux.bsf                            ; --             ; --                ; --         ;
; MISC_FILE                           ; dispmux_inst.v                         ; --             ; --                ; --         ;
; MISC_FILE                           ; dispmux_bb.v                           ; --             ; --                ; --         ;
; NOMINAL_CORE_SUPPLY_VOLTAGE         ; 1.2V                                   ; --             ; --                ; --         ;
; PARTITION_COLOR                     ; -- (Not supported for targeted family) ; --             ; weatherstation_SM ; Top        ;
; PARTITION_FITTER_PRESERVATION_LEVEL ; -- (Not supported for targeted family) ; --             ; weatherstation_SM ; Top        ;
; PARTITION_NETLIST_TYPE              ; -- (Not supported for targeted family) ; --             ; weatherstation_SM ; Top        ;
; POWER_BOARD_THERMAL_MODEL           ; None (CONSERVATIVE)                    ; --             ; --                ; --         ;
; POWER_PRESET_COOLING_SOLUTION       ; 23 MM HEAT SINK WITH 200 LFPM AIRFLOW  ; --             ; --                ; --         ;
; PROJECT_OUTPUT_DIRECTORY            ; output_files                           ; --             ; --                ; --         ;
; TOP_LEVEL_ENTITY                    ; weatherstation_SM                      ; weatherstation ; --                ; --         ;
+-------------------------------------+----------------------------------------+----------------+-------------------+------------+


+--------------------------------------------------------------------------------------------------------------------------+
; Flow Elapsed Time                                                                                                        ;
+----------------------+--------------+-------------------------+---------------------+------------------------------------+
; Module Name          ; Elapsed Time ; Average Processors Used ; Peak Virtual Memory ; Total CPU Time (on all processors) ;
+----------------------+--------------+-------------------------+---------------------+------------------------------------+
; Analysis & Synthesis ; 00:00:09     ; 1.0                     ; 4847 MB             ; 00:00:18                           ;
; Fitter               ; 00:00:05     ; 1.1                     ; 6488 MB             ; 00:00:07                           ;
; Assembler            ; 00:00:00     ; 1.0                     ; 4677 MB             ; 00:00:01                           ;
; Timing Analyzer      ; 00:00:02     ; 1.1                     ; 4900 MB             ; 00:00:02                           ;
; Total                ; 00:00:16     ; --                      ; --                  ; 00:00:28                           ;
+----------------------+--------------+-------------------------+---------------------+------------------------------------+


+------------------------------------------------------------------------------------+
; Flow OS Summary                                                                    ;
+----------------------+------------------+------------+------------+----------------+
; Module Name          ; Machine Hostname ; OS Name    ; OS Version ; Processor type ;
+----------------------+------------------+------------+------------+----------------+
; Analysis & Synthesis ; Tommys-Desktop   ; Windows 10 ; 10.0       ; x86_64         ;
; Fitter               ; Tommys-Desktop   ; Windows 10 ; 10.0       ; x86_64         ;
; Assembler            ; Tommys-Desktop   ; Windows 10 ; 10.0       ; x86_64         ;
; Timing Analyzer      ; Tommys-Desktop   ; Windows 10 ; 10.0       ; x86_64         ;
+----------------------+------------------+------------+------------+----------------+


------------
; Flow Log ;
------------
quartus_map --read_settings_files=on --write_settings_files=off weatherstation -c weatherstation
quartus_fit --read_settings_files=off --write_settings_files=off weatherstation -c weatherstation
quartus_asm --read_settings_files=off --write_settings_files=off weatherstation -c weatherstation
quartus_sta weatherstation -c weatherstation



